<?xml version="1.0" encoding="UTF-8"?>
<!-- Generated by org.testng.reporters.JUnitReportReporter -->
<testsuite hostname="admatic-PC" name="test.NewTestexample" tests="1" failures="0" timestamp="19 Jan 2018 11:29:18 GMT" time="2.144" errors="0">
  <testcase name="testPetClinic" time="2.144" classname="test.NewTestexample"/>
</testsuite> <!-- test.NewTestexample -->
